<?xml version="1.0" encoding="UTF-8"?>
<testsuite xmlns:xsi="http://www.w3.org/2001/XMLSchema-instance" xsi:noNamespaceSchemaLocation="https://maven.apache.org/surefire/maven-surefire-plugin/xsd/surefire-test-report-3.0.xsd" version="3.0" name="com.example.deliverybox.service.BoxServiceTest" time="4.325" tests="8" errors="0" skipped="0" failures="0">
  <properties>
[...]
</properties>
  <testcase name="createBox_throws_whenTxrefAlreadyExists" classname="com.example.deliverybox.service.BoxServiceTest" time="3.948">
    <system-out><![CDATA[08:13:23.606 [main] INFO com.example.deliverybox.service.impl.BoxServiceImpl -- Attempting to create box with txref: BOX-100
08:13:23.625 [main] WARN com.example.deliverybox.service.impl.BoxServiceImpl -- Box creation failed - duplicate txref: BOX-100
]]></system-out>
    <system-err><![CDATA[WARNING: A Java agent has been loaded dynamically (C:\Users\DELL\.m2\repository\net\bytebuddy\byte-buddy-agent\1.14.19\byte-buddy-agent-1.14.19.jar)
WARNING: If a serviceability tool is in use, please run with -XX:+EnableDynamicAgentLoading to hide this warning
WARNING: If a serviceability tool is not in use, please run with -Djdk.instrument.traceUsage for more information
WARNING: Dynamic loading of agents will be disallowed by default in a future release
]]></system-err>
  </testcase>
  <testcase name="loadBox_throws_whenBoxNotInLoadableState" classname="com.example.deliverybox.service.BoxServiceTest" time="0.042">
    <system-out><![CDATA[08:13:23.743 [main] INFO com.example.deliverybox.service.impl.BoxServiceImpl -- Loading box - txref: BOX-100, items count: 1
08:13:23.757 [main] WARN com.example.deliverybox.service.impl.BoxServiceImpl -- Box BOX-100 cannot be loaded - invalid state: DELIVERING
]]></system-out>
  </testcase>
  <testcase name="loadBox_succeeds_andTransitionsToLoaded_whenWithinLimits" classname="com.example.deliverybox.service.BoxServiceTest" time="0.038">
    <system-out><![CDATA[08:13:23.788 [main] INFO com.example.deliverybox.service.impl.BoxServiceImpl -- Loading box - txref: BOX-100, items count: 1
08:13:23.793 [main] INFO com.example.deliverybox.service.impl.BoxServiceImpl -- Box BOX-100 - incoming weight: 100gr, prospective total: 100gr
08:13:23.794 [main] INFO com.example.deliverybox.service.impl.BoxServiceImpl -- Box BOX-100 successfully loaded - total items: 1, total weight: 100gr
]]></system-out>
  </testcase>
  <testcase name="loadBox_throws_whenBatteryBelowThreshold" classname="com.example.deliverybox.service.BoxServiceTest" time="0.016">
    <system-out><![CDATA[08:13:23.837 [main] INFO com.example.deliverybox.service.impl.BoxServiceImpl -- Loading box - txref: BOX-100, items count: 1
08:13:23.837 [main] WARN com.example.deliverybox.service.impl.BoxServiceImpl -- Box BOX-100 cannot be loaded - low battery: 10% (minimum required: 25%)
]]></system-out>
  </testcase>
  <testcase name="loadBox_throws_whenWeightExceedsLimit" classname="com.example.deliverybox.service.BoxServiceTest" time="0.038">
    <system-out><![CDATA[08:13:23.861 [main] INFO com.example.deliverybox.service.impl.BoxServiceImpl -- Loading box - txref: BOX-100, items count: 1
08:13:23.862 [main] INFO com.example.deliverybox.service.impl.BoxServiceImpl -- Box BOX-100 - incoming weight: 600gr, prospective total: 600gr
08:13:23.862 [main] WARN com.example.deliverybox.service.impl.BoxServiceImpl -- Box BOX-100 weight limit exceeded - current: 0gr, adding: 600gr, limit: 500gr
]]></system-out>
  </testcase>
  <testcase name="loadBox_throws_whenBoxNotFound" classname="com.example.deliverybox.service.BoxServiceTest" time="0.013">
    <system-out><![CDATA[08:13:23.899 [main] INFO com.example.deliverybox.service.impl.BoxServiceImpl -- Loading box - txref: MISSING, items count: 1
08:13:23.899 [main] WARN com.example.deliverybox.service.impl.BoxServiceImpl -- Box not found with txref: MISSING
]]></system-out>
  </testcase>
  <testcase name="createBox_succeeds_whenTxrefIsUnique" classname="com.example.deliverybox.service.BoxServiceTest" time="0.025">
    <system-out><![CDATA[08:13:23.933 [main] INFO com.example.deliverybox.service.impl.BoxServiceImpl -- Attempting to create box with txref: BOX-100
08:13:23.936 [main] INFO com.example.deliverybox.service.impl.BoxServiceImpl -- Box created successfully - txref: BOX-100, weightLimit: 500gr, battery: 100%, state: IDLE
]]></system-out>
  </testcase>
  <testcase name="getAvailableBoxes_returnsOnlyIdleBoxesAboveBatteryThreshold" classname="com.example.deliverybox.service.BoxServiceTest" time="0.043">
    <system-out><![CDATA[08:13:23.962 [main] INFO com.example.deliverybox.service.impl.BoxServiceImpl -- Retrieving available boxes (state: IDLE, battery >= 25%)
08:13:23.964 [main] INFO com.example.deliverybox.service.impl.BoxServiceImpl -- Found 1 available boxes
]]></system-out>
  </testcase>
</testsuite>